[0m2021.07.07 15:57:53 INFO  Started: Metals version 0.10.4 in workspace '/home/dilshan/Desktop/test/play/group-assignment' for client Visual Studio Code 1.57.1.[0m
[0m2021.07.07 15:57:58 INFO  time: initialize in 4.8s[0m
[0m2021.07.07 15:57:58 WARN  Build server is not auto-connectable.[0m
[0m2021.07.07 16:51:14 WARN  no build target for: /home/dilshan/Desktop/test/play/group-assignment/app/controllers/HomeController.scala[0m
[0m2021.07.07 16:51:21 INFO  no build target: using presentation compiler with only scala-library: 2.12.14[0m
[0m2021.07.07 16:51:22 INFO  time: code lens generation in 8.01s[0m
[0m2021.07.07 16:52:35 INFO  shutting down Metals[0m
java.util.concurrent.RejectedExecutionException: Task scala.concurrent.impl.CallbackRunnable@19abf949 rejected from java.util.concurrent.ThreadPoolExecutor@1d947ea4[Shutting down, pool size = 1, active threads = 1, queued tasks = 0, completed tasks = 81]
	at java.base/java.util.concurrent.ThreadPoolExecutor$AbortPolicy.rejectedExecution(ThreadPoolExecutor.java:2055)
	at java.base/java.util.concurrent.ThreadPoolExecutor.reject(ThreadPoolExecutor.java:825)
	at java.base/java.util.concurrent.ThreadPoolExecutor.execute(ThreadPoolExecutor.java:1355)
	at scala.concurrent.impl.ExecutionContextImpl$$anon$4.execute(ExecutionContextImpl.scala:138)
	at scala.concurrent.impl.CallbackRunnable.executeWithValue(Promise.scala:72)
	at scala.concurrent.impl.Promise$DefaultPromise.$anonfun$tryComplete$1(Promise.scala:288)
	at scala.concurrent.impl.Promise$DefaultPromise.$anonfun$tryComplete$1$adapted(Promise.scala:288)
	at scala.concurrent.impl.Promise$DefaultPromise.tryComplete(Promise.scala:288)
	at scala.concurrent.Promise.complete(Promise.scala:53)
	at scala.concurrent.Promise.complete$(Promise.scala:52)
	at scala.concurrent.impl.Promise$DefaultPromise.complete(Promise.scala:187)
	at scala.concurrent.impl.Promise.$anonfun$transformWith$1(Promise.scala:42)
	at scala.concurrent.impl.CallbackRunnable.run(Promise.scala:64)
	at java.base/java.util.concurrent.ThreadPoolExecutor.runWorker(ThreadPoolExecutor.java:1128)
	at java.base/java.util.concurrent.ThreadPoolExecutor$Worker.run(ThreadPoolExecutor.java:628)
	at java.base/java.lang.Thread.run(Thread.java:829)
[0m2021.07.07 16:56:31 INFO  Started: Metals version 0.10.4 in workspace '/opt/lampp/htdocs/play/group-assignment' for client Visual Studio Code 1.57.1.[0m
[0m2021.07.07 16:56:38 INFO  time: initialize in 6.46s[0m
[0m2021.07.07 16:56:38 WARN  Build server is not auto-connectable.[0m
[0m2021.07.07 16:56:38 WARN  no build target for: /opt/lampp/htdocs/play/group-assignment/build.sbt[0m
[0m2021.07.07 16:56:46 INFO  no build target: using presentation compiler with only scala-library: 2.12.14[0m
[0m2021.07.07 16:56:49 INFO  time: code lens generation in 10s[0m
Jul 07, 2021 4:59:20 PM org.eclipse.lsp4j.jsonrpc.RemoteEndpoint handleCancellation
WARNING: Unmatched cancel notification for request id 5
[0m2021.07.07 17:00:33 INFO  running '/usr/lib/jvm/java-11-openjdk-amd64/bin/java -Djline.terminal=jline.UnsupportedTerminal -Dsbt.log.noformat=true -Dfile.encoding=UTF-8 -jar /tmp/metals8082375448754461751/sbt-launch.jar -Dbloop.export-jar-classifiers=sources bloopInstall'[0m
[0m2021.07.07 17:00:33 WARN  no build target for: /opt/lampp/htdocs/play/group-assignment/project/metals.sbt[0m
[0m2021.07.07 17:00:33 WARN  no build target for: /opt/lampp/htdocs/play/group-assignment/project/project/metals.sbt[0m
[0m2021.07.07 17:00:33 INFO  skipping build import with status 'Started'[0m
[0m2021.07.07 17:00:34 INFO  [info] welcome to sbt 1.5.2 (Ubuntu Java 11.0.11)[0m
[0m2021.07.07 17:00:37 INFO  [info] loading settings for project group-assignment-build-build-build from metals.sbt ...[0m
[0m2021.07.07 17:00:37 INFO  [info] loading project definition from /opt/lampp/htdocs/play/group-assignment/project/project/project[0m
[0m2021.07.07 17:00:57 INFO  [info] loading settings for project group-assignment-build-build from metals.sbt ...[0m
[0m2021.07.07 17:00:57 INFO  [info] loading project definition from /opt/lampp/htdocs/play/group-assignment/project/project[0m
[0m2021.07.07 17:01:12 INFO  [success] Generated .bloop/group-assignment-build-build.json[0m
[0m2021.07.07 17:01:12 INFO  [success] Total time: 15 s, completed Jul 7, 2021, 5:01:12 PM[0m
[0m2021.07.07 17:01:13 INFO  [info] loading settings for project group-assignment-build from metals.sbt,plugins.sbt ...[0m
[0m2021.07.07 17:01:13 INFO  [info] loading project definition from /opt/lampp/htdocs/play/group-assignment/project[0m
[0m2021.07.07 17:01:16 INFO  [success] Generated .bloop/group-assignment-build.json[0m
[0m2021.07.07 17:01:16 INFO  [success] Total time: 3 s, completed Jul 7, 2021, 5:01:16 PM[0m
[0m2021.07.07 17:01:19 INFO  [info] loading settings for project root from build.sbt ...[0m
[0m2021.07.07 17:01:19 INFO  [info] set current project to group assignment (in build file:/opt/lampp/htdocs/play/group-assignment/)[0m
[0m2021.07.07 17:01:56 INFO  [success] Generated .bloop/root-test.json[0m
[0m2021.07.07 17:01:56 INFO  [success] Generated .bloop/root.json[0m
[0m2021.07.07 17:01:56 INFO  [success] Total time: 37 s, completed Jul 7, 2021, 5:01:56 PM[0m
[0m2021.07.07 17:01:56 INFO  sbt bloopInstall exit: 0[0m
[0m2021.07.07 17:01:57 INFO  time: ran 'sbt bloopInstall' in 1m24s[0m
[0m2021.07.07 17:01:57 INFO  Attempting to connect to the build server...[0m
Starting the bsp launcher for bloop...
Opening a bsp server connection with 'bsp --protocol local --socket /tmp/bsp-launcher1247804174173165217/bsp.socket'...
Waiting for the bsp connection to come up...
Waiting for the bsp connection to come up...
Waiting for the bsp connection to come up...
Waiting for the bsp connection to come up...
Waiting for the bsp connection to come up...
Waiting for the bsp connection to come up...
Waiting for the bsp connection to come up...
Waiting for the bsp connection to come up...
Waiting for the bsp connection to come up...
Waiting for the bsp connection to come up...
Waiting for the bsp connection to come up...
Waiting for the bsp connection to come up...
Waiting for the bsp connection to come up...
Waiting for the bsp connection to come up...
Waiting for the bsp connection to come up...
Waiting for the bsp connection to come up...
Waiting for the bsp connection to come up...
Waiting for the bsp connection to come up...
Waiting for the bsp connection to come up...
Waiting for the bsp connection to come up...
Waiting for the bsp connection to come up...
Waiting for the bsp connection to come up...
Waiting for the bsp connection to come up...
Waiting for the bsp connection to come up...
Waiting for the bsp connection to come up...
Waiting for the bsp connection to come up...
Waiting for the bsp connection to come up...
Waiting for the bsp connection to come up...
Waiting for the bsp connection to come up...
Waiting for the bsp connection to come up...
Waiting for the bsp connection to come up...
error: Giving up on waiting for a connection, printing embedded bloop logs:
> No server running at 127.0.0.1:8212, let's fire one...
> Resolving ch.epfl.scala:bloop-frontend_2.12:1.4.8-19-4d9f966b...
error: Trying a tcp-based connection to the server instead...
Opening a bsp server connection with 'bsp --protocol tcp --port 19528'...
Waiting for the bsp connection to come up...
Waiting for the bsp connection to come up...
Waiting for the bsp connection to come up...
Waiting for the bsp connection to come up...
Waiting for the bsp connection to come up...
[0m2021.07.07 17:02:32 WARN  no build target for: /opt/lampp/htdocs/play/group-assignment/build.sbt[0m
Waiting for the bsp connection to come up...
Waiting for the bsp connection to come up...
Waiting for the bsp connection to come up...
Waiting for the bsp connection to come up...
Waiting for the bsp connection to come up...
Waiting for the bsp connection to come up...
Waiting for the bsp connection to come up...
Waiting for the bsp connection to come up...
Waiting for the bsp connection to come up...
Waiting for the bsp connection to come up...
Waiting for the bsp connection to come up...
Waiting for the bsp connection to come up...
Waiting for the bsp connection to come up...
Waiting for the bsp connection to come up...
Waiting for the bsp connection to come up...
Waiting for the bsp connection to come up...
Waiting for the bsp connection to come up...
Waiting for the bsp connection to come up...
Waiting for the bsp connection to come up...
Waiting for the bsp connection to come up...
No server running at 127.0.0.1:8212, let's fire one...
Resolving ch.epfl.scala:bloop-frontend_2.12:1.4.8-19-4d9f966b...
Starting bloop server at 127.0.0.1:8212...
Attempting a connection to the server...
[0m[32m[D][0m Waiting for a connection at 127.0.0.1:19528...
The server is listening for incoming connections at tcp://127.0.0.1:19528...
Starting thread that pumps stdin and redirects it to the bsp server...
Starting thread that pumps server stdout and redirects it to the client stdout...
[0m2021.07.07 17:02:52 INFO  tracing is disabled for protocol BSP, to enable tracing of incoming and outgoing JSON messages create an empty file at /home/dilshan/.cache/metals/bsp.trace.json[0m
No more data in the client stdin, exiting...
No more data in the server stdin, exiting...
[0m2021.07.07 17:03:12 ERROR Timeout waiting for 'build/initialize' response[0m
[0m2021.07.07 17:03:12 WARN  Retrying connection to the build server Bloop[0m
Starting the bsp launcher for bloop...
Opening a bsp server connection with 'bsp --protocol local --socket /tmp/bsp-launcher1998415005863020669/bsp.socket'...
Waiting for the bsp connection to come up...
[0m[32m[D][0m Loading workspace settings from bloop.settings.json
[0m[32m[D][0m Waiting for a connection at local:///tmp/bsp-launcher1998415005863020669/bsp.socket...
The server is listening for incoming connections at local:///tmp/bsp-launcher1998415005863020669/bsp.socket...
Starting thread that pumps stdin and redirects it to the bsp server...
Starting thread that pumps server stdout and redirects it to the client stdout...
[0m2021.07.07 17:03:12 INFO  tracing is disabled for protocol BSP, to enable tracing of incoming and outgoing JSON messages create an empty file at /home/dilshan/.cache/metals/bsp.trace.json[0m
[0m2021.07.07 17:03:12 INFO  Attempting to connect to the build server...[0m
Starting the bsp launcher for bloop...[0m
Opening a bsp server connection with 'bsp --protocol local --socket /tmp/bsp-launcher3855915164580075150/bsp.socket'...
2021.07.07 17:03:12 INFO  Attempting to connect to the build server...[0m
Starting the bsp launcher for bloop...
Opening a bsp server connection with 'bsp --protocol local --socket /tmp/bsp-launcher12465000453017305860/bsp.socket'...
Waiting for the bsp connection to come up...
Waiting for the bsp connection to come up...
[0m[32m[D][0m Loading workspace settings from bloop.settings.json
[0m[32m[D][0m Waiting for a connection at local:///tmp/bsp-launcher12465000453017305860/bsp.socket...
The server is listening for incoming connections at local:///tmp/bsp-launcher12465000453017305860/bsp.socket...
Starting thread that pumps stdin and redirects it to the bsp server...
Starting thread that pumps server stdout and redirects it to the client stdout...
[0m2021.07.07 17:03:13 INFO  tracing is disabled for protocol BSP, to enable tracing of incoming and outgoing JSON messages create an empty file at /home/dilshan/.cache/metals/bsp.trace.json[0m
[0m[32m[D][0m Loading workspace settings from bloop.settings.json
[0m[32m[D][0m Waiting for a connection at local:///tmp/bsp-launcher3855915164580075150/bsp.socket...
The server is listening for incoming connections at local:///tmp/bsp-launcher3855915164580075150/bsp.socket...
Starting thread that pumps stdin and redirects it to the bsp server...
Starting thread that pumps server stdout and redirects it to the client stdout...
[0m2021.07.07 17:03:13 INFO  tracing is disabled for protocol BSP, to enable tracing of incoming and outgoing JSON messages create an empty file at /home/dilshan/.cache/metals/bsp.trace.json[0m
No more data in the client stdin, exiting...
[0m2021.07.07 17:03:33 ERROR Timeout waiting for 'build/initialize' response[0m
[0m2021.07.07 17:03:33 WARN  Retrying connection to the build server Bloop[0m
Starting the bsp launcher for bloop...
Opening a bsp server connection with 'bsp --protocol local --socket /tmp/bsp-launcher17380508854992738266/bsp.socket'...
Waiting for the bsp connection to come up...
[0m[32m[D][0m Loading workspace settings from bloop.settings.json
[0m[32m[D][0m Waiting for a connection at local:///tmp/bsp-launcher17380508854992738266/bsp.socket...
The server is listening for incoming connections at local:///tmp/bsp-launcher17380508854992738266/bsp.socket...
Starting thread that pumps stdin and redirects it to the bsp server...
Starting thread that pumps server stdout and redirects it to the client stdout...
[0m2021.07.07 17:03:33 INFO  tracing is disabled for protocol BSP, to enable tracing of incoming and outgoing JSON messages create an empty file at /home/dilshan/.cache/metals/bsp.trace.json[0m
[0m2021.07.07 17:03:33 INFO  time: Connected to build server in 1m35s[0m
[0m2021.07.07 17:03:33 INFO  Connected to Build server: Bloop v1.4.8-19-4d9f966b[0m
[0m2021.07.07 17:03:33 INFO  time: Imported build in 0.13s[0m
[0m2021.07.07 17:03:35 WARN  Could not find java sources in None. Java symbols will not be available.[0m
[0m2021.07.07 17:03:39 INFO  time: indexed workspace in 5.85s[0m
[0m2021.07.07 17:04:03 INFO  time: code lens generation in 24s[0m
[0m2021.07.07 17:10:10 INFO  running '/usr/lib/jvm/java-11-openjdk-amd64/bin/java -Djline.terminal=jline.UnsupportedTerminal -Dsbt.log.noformat=true -Dfile.encoding=UTF-8 -jar /tmp/metals7505873822608391948/sbt-launch.jar -Dbloop.export-jar-classifiers=sources bloopInstall'[0m
[0m2021.07.07 17:10:12 INFO  [info] welcome to sbt 1.5.2 (Ubuntu Java 11.0.11)[0m
[0m2021.07.07 17:10:13 INFO  [info] loading settings for project group-assignment-build-build-build from metals.sbt ...[0m
[0m2021.07.07 17:10:13 INFO  [info] loading project definition from /opt/lampp/htdocs/play/group-assignment/project/project/project[0m
[0m2021.07.07 17:10:15 INFO  [info] loading settings for project group-assignment-build-build from metals.sbt ...[0m
[0m2021.07.07 17:10:15 INFO  [info] loading project definition from /opt/lampp/htdocs/play/group-assignment/project/project[0m
[0m2021.07.07 17:10:17 INFO  [success] Generated .bloop/group-assignment-build-build.json[0m
[0m2021.07.07 17:10:17 INFO  [success] Total time: 2 s, completed Jul 7, 2021, 5:10:18 PM[0m
[0m2021.07.07 17:10:17 INFO  [info] loading settings for project group-assignment-build from metals.sbt,plugins.sbt ...[0m
[0m2021.07.07 17:10:17 INFO  [info] loading project definition from /opt/lampp/htdocs/play/group-assignment/project[0m
[0m2021.07.07 17:10:19 INFO  [success] Generated .bloop/group-assignment-build.json[0m
[0m2021.07.07 17:10:19 INFO  [success] Total time: 1 s, completed Jul 7, 2021, 5:10:19 PM[0m
[0m2021.07.07 17:10:23 INFO  [info] loading settings for project root from build.sbt ...[0m
[0m2021.07.07 17:10:23 INFO  [info] set current project to group assignment (in build file:/opt/lampp/htdocs/play/group-assignment/)[0m
[0m2021.07.07 17:10:34 INFO  [success] Generated .bloop/root.json[0m
[0m2021.07.07 17:10:34 INFO  [success] Generated .bloop/root-test.json[0m
[0m2021.07.07 17:10:34 INFO  [success] Total time: 11 s, completed Jul 7, 2021, 5:10:35 PM[0m
[0m2021.07.07 17:10:34 INFO  sbt bloopInstall exit: 0[0m
[0m2021.07.07 17:10:35 INFO  time: ran 'sbt bloopInstall' in 25s[0m
[0m2021.07.07 17:10:35 INFO  Disconnecting from Bloop session...[0m
[0m2021.07.07 17:10:35 INFO  Shut down connection with build server.[0m
[0m2021.07.07 17:10:35 INFO No more data in the client stdin, exiting...
 Shut down connection with build server.[0m
No more data in the client stdin, exiting...
[0m2021.07.07 17:10:35No more data in the server stdin, exiting...
No more data in the server stdin, exiting... INFO  Shut down connection with build server.[0m

[0m2021.07.07 17:10:35 INFO  Attempting to connect to the build server...No more data in the client stdin, exiting...
[0m
No more data in the server stdin, exiting...
No more data in the server stdin, exiting...
No more data in the server stdin, exiting...
No more data in the server stdin, exiting...
Starting the bsp launcher for bloop...
Opening a bsp server connection with 'bsp --protocol local --socket /tmp/bsp-launcher8949330547643865384/bsp.socket'...
Waiting for the bsp connection to come up...
[0m[32m[D][0m Loading workspace settings from bloop.settings.json
[0m[32m[D][0m Loading 2 projects from '/opt/lampp/htdocs/play/group-assignment/.bloop'...
[0m[32m[D][0m Loading project from '/opt/lampp/htdocs/play/group-assignment/.bloop/root.json'
[0m[32m[D][0m Loading project from '/opt/lampp/htdocs/play/group-assignment/.bloop/root-test.json'
[0m[32m[D][0m Configured SemanticDB in projects 'root', 'root-test'
[0m[32m[D][0m Waiting for a connection at local:///tmp/bsp-launcher8949330547643865384/bsp.socket...
The server is listening for incoming connections at local:///tmp/bsp-launcher8949330547643865384/bsp.socket...
Starting thread that pumps stdin and redirects it to the bsp server...
Starting thread that pumps server stdout and redirects it to the client stdout...
[0m2021.07.07 17:10:35 INFO  tracing is disabled for protocol BSP, to enable tracing of incoming and outgoing JSON messages create an empty file at /home/dilshan/.cache/metals/bsp.trace.json[0m
[0m2021.07.07 17:10:35 INFO  Attempting to connect to the build server...[0m
[0m2021.07.07 17:10:35Starting the bsp launcher for bloop...
Opening a bsp server connection with 'bsp --protocol local --socket /tmp/bsp-launcher14481015572525395348/bsp.socket'...
 INFO  Attempting to connect to the build server...[0m
Starting the bsp launcher for bloop...
Opening a bsp server connection with 'bsp --protocol local --socket /tmp/bsp-launcher3515113743413444969/bsp.socket'...
Waiting for the bsp connection to come up...
Waiting for the bsp connection to come up...
[0m[32m[D][0m Loading workspace settings from bloop.settings.json
[0m[32m[D][0m Waiting for a connection at local:///tmp/bsp-launcher3515113743413444969/bsp.socket...
The server is listening for incoming connections at local:///tmp/bsp-launcher3515113743413444969/bsp.socket...
Starting thread that pumps stdin and redirects it to the bsp server...
Starting thread that pumps server stdout and redirects it to the client stdout...
[0m2021.07.07 17:10:35 INFO  tracing is disabled for protocol BSP, to enable tracing of incoming and outgoing JSON messages create an empty file at /home/dilshan/.cache/metals/bsp.trace.json[0m
[0m[32m[D][0m Loading workspace settings from bloop.settings.json
[0m[32m[D][0m Waiting for a connection at local:///tmp/bsp-launcher14481015572525395348/bsp.socket...
The server is listening for incoming connections at local:///tmp/bsp-launcher14481015572525395348/bsp.socket...
Starting thread that pumps stdin and redirects it to the bsp server...
Starting thread that pumps server stdout and redirects it to the client stdout...
[0m2021.07.07 17:10:35 INFO  tracing is disabled for protocol BSP, to enable tracing of incoming and outgoing JSON messages create an empty file at /home/dilshan/.cache/metals/bsp.trace.json[0m
[0m2021.07.07 17:10:35 INFO  time: Connected to build server in 0.21s[0m
[0m2021.07.07 17:10:35 INFO  Connected to Build server: Bloop v1.4.8-19-4d9f966b[0m
[0m2021.07.07 17:10:36 INFO  time: Imported build in 0.11s[0m
[0m2021.07.07 17:10:38 WARN  Could not find java sources in None. Java symbols will not be available.[0m
[0m2021.07.07 17:10:38 INFO  time: indexed workspace in 2.17s[0m
[0m2021.07.07 17:24:52 INFO  compiling root (9 scala sources and 2 java sources)[0m
[0m2021.07.07 17:25:05 INFO  time: compiled root in 13s[0m
[0m2021.07.07 17:26:23 INFO  compiling root (7 scala sources and 1 java source)[0m
[0m2021.07.07 17:26:23 INFO  time: compiled root in 0.54s[0m
[0m2021.07.07 17:26:37 INFO  compiling root (7 scala sources and 1 java source)[0m
[0m2021.07.07 17:26:52 INFO  time: compiled root in 15s[0m
[0m2021.07.07 17:27:44 INFO  compiling root (7 scala sources and 1 java source)[0m
[0m2021.07.07 17:27:44 INFO  time: compiled root in 0.45s[0m
[0m2021.07.07 17:30:33 INFO  compiling root (7 scala sources and 1 java source)[0m
[0m2021.07.07 17:30:38 INFO  time: compiled root in 4.85s[0m
[0m2021.07.07 17:33:11 INFO  compiling root (1 scala source)[0m
[0m2021.07.07 17:33:12 INFO  time: compiled root in 1.08s[0m
[0m2021.07.07 17:35:59 INFO  compiling root (1 scala source)[0m
[0m2021.07.07 17:35:59 INFO  time: compiled root in 0.32s[0m
Jul 07, 2021 5:38:30 PM org.eclipse.lsp4j.jsonrpc.RemoteEndpoint handleCancellation
WARNING: Unmatched cancel notification for request id 228
Jul 07, 2021 5:38:41 PM org.eclipse.lsp4j.jsonrpc.RemoteEndpoint handleCancellation
WARNING: Unmatched cancel notification for request id 261
[0m2021.07.07 17:39:18 INFO  compiling root (1 scala source)[0m
[0m2021.07.07 17:39:18 INFO  time: compiled root in 0.65s[0m
[0m2021.07.07 17:40:21 INFO  compiling root (1 scala source)[0m
[0m2021.07.07 17:40:21 INFO  time: compiled root in 0.47s[0m
[0m2021.07.07 17:41:12 INFO  compiling root (1 scala source)[0m
[0m2021.07.07 17:41:12 INFO  time: compiled root in 0.33s[0m
[0m2021.07.07 17:41:23 INFO  compiling root (1 scala source)[0m
[0m2021.07.07 17:41:23 INFO  time: compiled root in 0.28s[0m
[0m2021.07.07 17:42:25 INFO  /opt/lampp/htdocs/play/group-assignment/app/controllers/HomeController.scala:23:20: stale bloop error: object getConnection is not a member of package play.api.db
  val connection = db.getConnection()
                   ^^^^^^^^^^^^^^^^[0m
[0m2021.07.07 17:42:25 INFO  /opt/lampp/htdocs/play/group-assignment/app/controllers/HomeController.scala:23:20: stale bloop error: object getConnection is not a member of package play.api.db
  val connection = db.getConnection()
                   ^^^^^^^^^^^^^^^^[0m
[0m2021.07.07 17:42:28 INFO  compiling root (1 scala source)[0m
[0m2021.07.07 17:42:28 INFO  time: compiled root in 0.36s[0m
[0m2021.07.07 17:42:45 INFO  /opt/lampp/htdocs/play/group-assignment/app/controllers/HomeController.scala:23:20: stale bloop error: object getConnection is not a member of package play.api.db
  val connection = db.getConnection();
                   ^^^^^^^^^^^^^^^^[0m
[0m2021.07.07 17:42:45 INFO  /opt/lampp/htdocs/play/group-assignment/app/controllers/HomeController.scala:23:20: stale bloop error: object getConnection is not a member of package play.api.db
  val connection = db.getConnection();
                   ^^^^^^^^^^^^^^^^[0m
[0m2021.07.07 17:42:50 INFO  /opt/lampp/htdocs/play/group-assignment/app/controllers/HomeController.scala:23:20: stale bloop error: object getConnection is not a member of package play.api.db
  val connection = db.getConnection();
                   ^^^^^^^^^^^^^^^^[0m
[0m2021.07.07 17:42:50 INFO  /opt/lampp/htdocs/play/group-assignment/app/controllers/HomeController.scala:23:20: stale bloop error: object getConnection is not a member of package play.api.db
  val connection = db.getConnection();
                   ^^^^^^^^^^^^^^^^[0m
[0m2021.07.07 17:42:51 INFO  /opt/lampp/htdocs/play/group-assignment/app/controllers/HomeController.scala:23:20: stale bloop error: object getConnection is not a member of package play.api.db
  val connection = db.getConnection();
                   ^^^^^^^^^^^^^^^^[0m
[0m2021.07.07 17:42:51 INFO  /opt/lampp/htdocs/play/group-assignment/app/controllers/HomeController.scala:23:20: stale bloop error: object getConnection is not a member of package play.api.db
  val connection = db.getConnection();
                   ^^^^^^^^^^^^^^^^[0m
[0m2021.07.07 17:42:55 INFO  /opt/lampp/htdocs/play/group-assignment/app/controllers/HomeController.scala:23:20: stale bloop error: object getConnection is not a member of package play.api.db
  val connection = db.getConnection();
                   ^^^^^^^^^^^^^^^^[0m
[0m2021.07.07 17:42:55 INFO  /opt/lampp/htdocs/play/group-assignment/app/controllers/HomeController.scala:23:20: stale bloop error: object getConnection is not a member of package play.api.db
  val connection = db.getConnection();
                   ^^^^^^^^^^^^^^^^[0m
[0m2021.07.07 17:42:57 INFO  compiling root (1 scala source)[0m
[0m2021.07.07 17:42:57 INFO  time: compiled root in 0.31s[0m
[0m2021.07.07 17:43:35 INFO  compiling root (1 scala source)[0m
[0m2021.07.07 17:43:35 INFO  time: compiled root in 0.32s[0m
[0m2021.07.07 17:47:39 INFO  compiling root (1 scala source)[0m
[0m2021.07.07 17:47:39 INFO  time: compiled root in 0.31s[0m
[0m2021.07.07 17:48:45 INFO  compiling root (1 scala source)[0m
[0m2021.07.07 17:48:45 INFO  time: compiled root in 0.22s[0m
Jul 07, 2021 5:49:21 PM org.eclipse.lsp4j.jsonrpc.RemoteEndpoint handleCancellation
WARNING: Unmatched cancel notification for request id 1022
[0m2021.07.07 17:52:00 INFO  compiling root (1 scala source)[0m
[0m2021.07.07 17:52:00 INFO  time: compiled root in 0.27s[0m
[0m2021.07.07 17:52:22 INFO  compiling root (1 scala source)[0m
[0m2021.07.07 17:52:22 INFO  time: compiled root in 0.22s[0m
[0m2021.07.07 17:54:34 INFO  compiling root (1 scala source)[0m
[0m2021.07.07 17:54:34 INFO  time: compiled root in 0.29s[0m
[0m2021.07.07 18:01:05 INFO  shutting down Metals[0m
[0m2021.07.07 18:01:05 INFO  Shut down connection with build server.[0m
No more data in the server stdin, exiting...
No more data in the server stdin, exiting...
No more data in the client stdin, exiting...
[0m2021.07.07 18:01:05 INFO  Shut down connection with build server.[0m
No more data in the client stdin, exiting...
[0mNo more data in the server stdin, exiting...
No more data in the server stdin, exiting...
No more data in the client stdin, exiting...
2021.07.07 18:01:05 INFO  Shut down connection with build server.[0m
No more data in the server stdin, exiting...
No more data in the server stdin, exiting...
[0m2021.07.08 19:02:55 INFO  Started: Metals version 0.10.4 in workspace '/opt/lampp/htdocs/play/group-assignment' for client Visual Studio Code 1.57.1.[0m
[0m2021.07.08 19:03:07 INFO  time: initialize in 11s[0m
[0m2021.07.08 19:03:07 INFO  Attempting to connect to the build server...[0m
[0m2021.07.08 19:03:07 WARN  no build target for: /opt/lampp/htdocs/play/group-assignment/app/controllers/HomeController.scala[0m
Starting the bsp launcher for bloop...
Opening a bsp server connection with 'bsp --protocol local --socket /tmp/bsp-launcher17446786204800856224/bsp.socket'...
Waiting for the bsp connection to come up...
[0m2021.07.08 19:03:07 INFO  skipping build import with status 'Installed'[0m
Waiting for the bsp connection to come up...
Waiting for the bsp connection to come up...
Waiting for the bsp connection to come up...
Waiting for the bsp connection to come up...
[0m2021.07.08 19:03:12 INFO  no build target: using presentation compiler with only scala-library: 2.12.14[0m
Waiting for the bsp connection to come up...
Waiting for the bsp connection to come up...
Waiting for the bsp connection to come up...
Waiting for the bsp connection to come up...
Waiting for the bsp connection to come up...
[0m2021.07.08 19:03:17 INFO  time: code lens generation in 9.89s[0m
Waiting for the bsp connection to come up...
No server running at 127.0.0.1:8212, let's fire one...
Resolving ch.epfl.scala:bloop-frontend_2.12:1.4.8-19-4d9f966b...
Starting bloop server at 127.0.0.1:8212...
Attempting a connection to the server...
Attempting a connection to the server...
Attempting a connection to the server...
Attempting a connection to the server...
Attempting a connection to the server...
Attempting a connection to the server...
Attempting a connection to the server...
Attempting a connection to the server...
Attempting a connection to the server...
Attempting a connection to the server...
Attempting a connection to the server...
Attempting a connection to the server...
Attempting a connection to the server...
Attempting a connection to the server...
Attempting a connection to the server...
Attempting a connection to the server...
Attempting a connection to the server...
Attempting a connection to the server...
[0m[32m[D][0m Loading workspace settings from bloop.settings.json
[0m[32m[D][0m Loading 2 projects from '/opt/lampp/htdocs/play/group-assignment/.bloop'...
[0m[32m[D][0m Loading project from '/opt/lampp/htdocs/play/group-assignment/.bloop/root-test.json'
[0m[32m[D][0m Loading project from '/opt/lampp/htdocs/play/group-assignment/.bloop/root.json'
[0m[32m[D][0m Cache miss for scala instance org.scala-lang:scala-compiler:2.13.6.
[0m[32m[D][0m   => /home/dilshan/.cache/coursier/v1/https/repo1.maven.org/maven2/net/java/dev/jna/jna/5.3.1/jna-5.3.1.jar
[0m[32m[D][0m   => /home/dilshan/.cache/coursier/v1/https/repo1.maven.org/maven2/org/jline/jline/3.19.0/jline-3.19.0.jar
[0m[32m[D][0m   => /home/dilshan/.cache/coursier/v1/https/repo1.maven.org/maven2/org/scala-lang/scala-compiler/2.13.6/scala-compiler-2.13.6.jar
[0m[32m[D][0m   => /home/dilshan/.cache/coursier/v1/https/repo1.maven.org/maven2/org/scala-lang/scala-library/2.13.6/scala-library-2.13.6.jar
[0m[32m[D][0m   => /home/dilshan/.cache/coursier/v1/https/repo1.maven.org/maven2/org/scala-lang/scala-reflect/2.13.6/scala-reflect-2.13.6.jar
[0m[32m[D][0m Configured SemanticDB in projects 'root-test', 'root'
[0m[32m[D][0m Missing analysis file for project 'root-test'
[0m[32m[D][0m Loading previous analysis for 'root' from '/opt/lampp/htdocs/play/group-assignment/target/streams/compile/bloopAnalysisOut/_global/streams/inc_compile_2.13.zip'.
[0m[32m[D][0m Waiting for a connection at local:///tmp/bsp-launcher17446786204800856224/bsp.socket...
The server is listening for incoming connections at local:///tmp/bsp-launcher17446786204800856224/bsp.socket...
Starting thread that pumps stdin and redirects it to the bsp server...
Starting thread that pumps server stdout and redirects it to the client stdout...
[0m2021.07.08 19:03:17 INFO  tracing is disabled for protocol BSP, to enable tracing of incoming and outgoing JSON messages create an empty file at /home/dilshan/.cache/metals/bsp.trace.json[0m
[0m2021.07.08 19:03:19 INFO  Attempting to connect to the build server...[0m
[0m2021.07.08 19:03:19 INFO  Attempting to connect to the build server...[0m
Starting the bsp launcher for bloop...
Opening a bsp server connection with 'bsp --protocol local --socket /tmp/bsp-launcher6418260661439415516/bsp.socket'...
Waiting for the bsp connection to come up...
Starting the bsp launcher for bloop...
Opening a bsp server connection with 'bsp --protocol local --socket /tmp/bsp-launcher5144070383129381245/bsp.socket'...
Waiting for the bsp connection to come up...
[0m[32m[D][0m Loading workspace settings from bloop.settings.json
[0m[32m[D][0m Waiting for a connection at local:///tmp/bsp-launcher6418260661439415516/bsp.socket...
The server is listening for incoming connections at local:///tmp/bsp-launcher6418260661439415516/bsp.socket...
Starting thread that pumps stdin and redirects it to the bsp server...
Starting thread that pumps server stdout and redirects it to the client stdout...
[0m[32m[D][0m Loading workspace settings from bloop.settings.json
[0m[32m[D][0m Waiting for a connection at local:///tmp/bsp-launcher5144070383129381245/bsp.socket...
The server is listening for incoming connections at local:///tmp/bsp-launcher5144070383129381245/bsp.socket...
[0m2021.07.08 19:03:19 INFO  tracing is disabled for protocol BSP, to enable tracing of incoming and outgoing JSON messages create an empty file at /home/dilshan/.cache/metals/bsp.trace.json[0m
Starting thread that pumps stdin and redirects it to the bsp server...
Starting thread that pumps server stdout and redirects it to the client stdout...
[0m2021.07.08 19:03:19 INFO  tracing is disabled for protocol BSP, to enable tracing of incoming and outgoing JSON messages create an empty file at /home/dilshan/.cache/metals/bsp.trace.json[0m
[0m2021.07.08 19:03:19 INFO  time: Connected to build server in 12s[0m
[0m2021.07.08 19:03:19 INFO  Connected to Build server: Bloop v1.4.8-19-4d9f966b[0m
[0m2021.07.08 19:03:19 INFO  time: Imported build in 0.52s[0m
[0m2021.07.08 19:03:25 WARN  Could not find java sources in None. Java symbols will not be available.[0m
[0m2021.07.08 19:03:27 INFO  time: indexed workspace in 7.49s[0m
[0m2021.07.08 19:03:32 INFO  compiling root (1 scala source)[0m
[0m2021.07.08 19:03:38 INFO  time: compiled root in 5.99s[0m
[0m2021.07.08 19:12:33 INFO  compiling root (1 scala source)[0m
[0m2021.07.08 19:12:33 INFO  time: compiled root in 0.54s[0m
[0m2021.07.08 19:13:39 INFO  compiling root (1 scala source)[0m
[0m2021.07.08 19:13:39 INFO  time: compiled root in 0.41s[0m
[0m2021.07.08 19:14:26 INFO  compiling root (1 scala source)[0m
[0m2021.07.08 19:14:31 INFO  time: compiled root in 4.33s[0m
[0m2021.07.08 19:14:31 INFO  compiling root (1 scala source)[0m
[0m2021.07.08 19:14:32 INFO  time: compiled root in 1.8s[0m
[0m2021.07.08 20:14:41 INFO  shutting down Metals[0m
[0m2021.07.08 20:14:41 INFO  Shut down connection with build server.[0m
No more data in the client stdin, exiting...
[0m2021.07.08 20:14:41 INFO  Shut down connection with build server.[0m
No more data in the client stdin, exiting...
No more data in the client stdin, exiting...
No more data in the server stdin, exiting...
No more data in the server stdin, exiting...
No more data in the server stdin, exiting...
No more data in the server stdin, exiting...
No more data in the server stdin, exiting...
[0m2021.07.08 20:14:43 ERROR timeout: build server 'bloop' during shutdown[0m
java.util.concurrent.RejectedExecutionException: Task scala.concurrent.impl.CallbackRunnable@41b83d rejected from java.util.concurrent.ThreadPoolExecutor@45432651[Shutting down, pool size = 1, active threads = 1, queued tasks = 0, completed tasks = 1976]
	at java.base/java.util.concurrent.ThreadPoolExecutor$AbortPolicy.rejectedExecution(ThreadPoolExecutor.java:2055)
	at java.base/java.util.concurrent.ThreadPoolExecutor.reject(ThreadPoolExecutor.java:825)
	at java.base/java.util.concurrent.ThreadPoolExecutor.execute(ThreadPoolExecutor.java:1355)
	at scala.concurrent.impl.ExecutionContextImpl$$anon$4.execute(ExecutionContextImpl.scala:138)
	at scala.concurrent.impl.CallbackRunnable.executeWithValue(Promise.scala:72)
	at scala.concurrent.impl.Promise$DefaultPromise.$anonfun$tryComplete$1(Promise.scala:288)
	at scala.concurrent.impl.Promise$DefaultPromise.$anonfun$tryComplete$1$adapted(Promise.scala:288)
	at scala.concurrent.impl.Promise$DefaultPromise.tryComplete(Promise.scala:288)
	at scala.concurrent.Promise.complete(Promise.scala:53)
	at scala.concurrent.Promise.complete$(Promise.scala:52)
	at scala.concurrent.impl.Promise$DefaultPromise.complete(Promise.scala:187)
	at scala.concurrent.impl.Promise.$anonfun$transform$1(Promise.scala:33)
	at scala.concurrent.impl.CallbackRunnable.run(Promise.scala:64)
	at java.base/java.util.concurrent.ThreadPoolExecutor.runWorker(ThreadPoolExecutor.java:1128)
	at java.base/java.util.concurrent.ThreadPoolExecutor$Worker.run(ThreadPoolExecutor.java:628)
	at java.base/java.lang.Thread.run(Thread.java:829)
[0m2021.07.09 05:55:06 INFO  Started: Metals version 0.10.4 in workspace '/opt/lampp/htdocs/play/group-assignment' for client Visual Studio Code 1.57.1.[0m
[0m2021.07.09 05:55:12 INFO  time: initialize in 5.34s[0m
[0m2021.07.09 05:55:12 INFO  Attempting to connect to the build server...[0m
Starting the bsp launcher for bloop...
Opening a bsp server connection with 'bsp --protocol local --socket /tmp/bsp-launcher8215525091451367427/bsp.socket'...
Waiting for the bsp connection to come up...
[0m2021.07.09 05:55:12 WARN  no build target for: /opt/lampp/htdocs/play/group-assignment/app/controllers/HomeController.scala[0m
[0m2021.07.09 05:55:13 INFO  skipping build import with status 'Installed'[0m
Waiting for the bsp connection to come up...
Waiting for the bsp connection to come up...
Waiting for the bsp connection to come up...
Waiting for the bsp connection to come up...
Waiting for the bsp connection to come up...
[0m2021.07.09 05:55:18 INFO  no build target: using presentation compiler with only scala-library: 2.12.14[0m
Jul 09, 2021 5:55:18 AM org.eclipse.lsp4j.jsonrpc.RemoteEndpoint handleCancellation
WARNING: Unmatched cancel notification for request id 1
Waiting for the bsp connection to come up...
Waiting for the bsp connection to come up...
Waiting for the bsp connection to come up...
Waiting for the bsp connection to come up...
Waiting for the bsp connection to come up...
No server running at 127.0.0.1:8212, let's fire one...
Resolving ch.epfl.scala:bloop-frontend_2.12:1.4.8-19-4d9f966b...
Starting bloop server at 127.0.0.1:8212...
Attempting a connection to the server...
Attempting a connection to the server...
Attempting a connection to the server...
Attempting a connection to the server...
Attempting a connection to the server...
Attempting a connection to the server...
Attempting a connection to the server...
Attempting a connection to the server...
Attempting a connection to the server...
Attempting a connection to the server...
Attempting a connection to the server...
Attempting a connection to the server...
Attempting a connection to the server...
Attempting a connection to the server...
Attempting a connection to the server...
Attempting a connection to the server...
Attempting a connection to the server...
[0m[32m[D][0m Loading workspace settings from bloop.settings.json
[0m[32m[D][0m Loading 2 projects from '/opt/lampp/htdocs/play/group-assignment/.bloop'...
[0m[32m[D][0m Loading project from '/opt/lampp/htdocs/play/group-assignment/.bloop/root-test.json'
[0m[32m[D][0m Loading project from '/opt/lampp/htdocs/play/group-assignment/.bloop/root.json'
[0m[32m[D][0m Cache miss for scala instance org.scala-lang:scala-compiler:2.13.6.
[0m[32m[D][0m   => /home/dilshan/.cache/coursier/v1/https/repo1.maven.org/maven2/net/java/dev/jna/jna/5.3.1/jna-5.3.1.jar
[0m[32m[D][0m   => /home/dilshan/.cache/coursier/v1/https/repo1.maven.org/maven2/org/jline/jline/3.19.0/jline-3.19.0.jar
[0m[32m[D][0m   => /home/dilshan/.cache/coursier/v1/https/repo1.maven.org/maven2/org/scala-lang/scala-compiler/2.13.6/scala-compiler-2.13.6.jar
[0m[32m[D][0m   => /home/dilshan/.cache/coursier/v1/https/repo1.maven.org/maven2/org/scala-lang/scala-library/2.13.6/scala-library-2.13.6.jar
[0m[32m[D][0m   => /home/dilshan/.cache/coursier/v1/https/repo1.maven.org/maven2/org/scala-lang/scala-reflect/2.13.6/scala-reflect-2.13.6.jar
[0m[32m[D][0m Configured SemanticDB in projects 'root-test', 'root'
[0m[32m[D][0m Missing analysis file for project 'root-test'
[0m[32m[D][0m Loading previous analysis for 'root' from '/opt/lampp/htdocs/play/group-assignment/target/streams/compile/bloopAnalysisOut/_global/streams/inc_compile_2.13.zip'.
[0m[32m[D][0m Waiting for a connection at local:///tmp/bsp-launcher8215525091451367427/bsp.socket...
The server is listening for incoming connections at local:///tmp/bsp-launcher8215525091451367427/bsp.socket...
Starting thread that pumps stdin and redirects it to the bsp server...
Starting thread that pumps server stdout and redirects it to the client stdout...
[0m2021.07.09 05:55:23 INFO  tracing is disabled for protocol BSP, to enable tracing of incoming and outgoing JSON messages create an empty file at /home/dilshan/.cache/metals/bsp.trace.json[0m
[0m2021.07.09 05:55:23 INFO  time: code lens generation in 2.34s[0m
[0m2021.07.09 05:55:23 INFO  time: code lens generation in 5.41s[0m
[0m2021.07.09 05:55:23 INFO  time: code lens generation in 5.35s[0m
[0m2021.07.09 05:55:23 INFO  time: code lens generation in 3.85s[0m
[0m2021.07.09 05:55:23 INFO  time: code lens generation in 5.32s[0m
[0m2021.07.09 05:55:23 INFO  time: code lens generation in 5.29s[0m
[0m2021.07.09 05:55:23 INFO  time: code lens generation in 1.74s[0m
[0m2021.07.09 05:55:23 INFO  time: code lens generation in 2.03s[0m
[0m2021.07.09 05:55:23 INFO  time: code lens generation in 4.53s[0m
[0m2021.07.09 05:55:23 INFO  time: code lens generation in 3.01s[0m
[0m2021.07.09 05:55:23 INFO  time: code lens generation in 4.16s[0m
[0m2021.07.09 05:55:23 INFO  time: code lens generation in 10s[0m
[0m2021.07.09 05:55:23 INFO  time: code lens generation in 5.51s[0m
[0m2021.07.09 05:55:23 INFO  time: code lens generation in 5.45s[0m
[0m2021.07.09 05:55:23 INFO  Attempting to connect to the build server...[0m
[0mStarting the bsp launcher for bloop...
Opening a bsp server connection with 'bsp --protocol local --socket /tmp/bsp-launcher8923260079020336246/bsp.socket'...
2021.07.09 05:55:23 INFO  Attempting to connect to the build server...[0m
Starting the bsp launcher for bloop...
Opening a bsp server connection with 'bsp --protocol local --socket /tmp/bsp-launcher10511437573160039318/bsp.socket'...
Waiting for the bsp connection to come up...
Waiting for the bsp connection to come up...
[0m[32m[D][0m Loading workspace settings from bloop.settings.json
[0m[32m[D][0m Waiting for a connection at local:///tmp/bsp-launcher10511437573160039318/bsp.socket...
The server is listening for incoming connections at local:///tmp/bsp-launcher10511437573160039318/bsp.socket...
Starting thread that pumps stdin and redirects it to the bsp server...
Starting thread that pumps server stdout and redirects it to the client stdout...
[0m2021.07.09 05:55:23 INFO  tracing is disabled for protocol BSP, to enable tracing of incoming and outgoing JSON messages create an empty file at /home/dilshan/.cache/metals/bsp.trace.json[0m
[0m[32m[D][0m Loading workspace settings from bloop.settings.json
[0m[32m[D][0m Waiting for a connection at local:///tmp/bsp-launcher8923260079020336246/bsp.socket...
The server is listening for incoming connections at local:///tmp/bsp-launcher8923260079020336246/bsp.socket...
Starting thread that pumps stdin and redirects it to the bsp server...
Starting thread that pumps server stdout and redirects it to the client stdout...
[0m2021.07.09 05:55:23 INFO  tracing is disabled for protocol BSP, to enable tracing of incoming and outgoing JSON messages create an empty file at /home/dilshan/.cache/metals/bsp.trace.json[0m
[0m2021.07.09 05:55:23 INFO  time: Connected to build server in 11s[0m
[0m2021.07.09 05:55:23 INFO  Connected to Build server: Bloop v1.4.8-19-4d9f966b[0m
[0m2021.07.09 05:55:24 INFO  time: Imported build in 0.55s[0m
[0m2021.07.09 05:55:28 WARN  Could not find java sources in None. Java symbols will not be available.[0m
[0m2021.07.09 05:55:30 INFO  time: indexed workspace in 5.73s[0m
[0m2021.07.09 05:55:35 INFO  compiling root-test (1 scala source)[0m
[0m2021.07.09 05:55:41 INFO  time: compiled root-test in 5.24s[0m
[0m2021.07.09 05:55:44 INFO  compiling root (1 scala source)[0m
[0m2021.07.09 05:55:44 INFO  time: compiled root in 0.65s[0m
[0m2021.07.09 06:00:18 INFO  compiling root (1 scala source)[0m
[0m2021.07.09 06:00:18 INFO  time: compiled root in 0.75s[0m
[0m2021.07.09 06:00:45 INFO  compiling root (1 scala source)[0m
[0m2021.07.09 06:00:51 INFO  time: compiled root in 6.01s[0m
[0m2021.07.09 06:04:22 INFO  compiling root (1 scala source)[0m
[0m2021.07.09 06:04:22 INFO  time: compiled root in 0.64s[0m
Jul 09, 2021 6:06:55 AM org.eclipse.lsp4j.jsonrpc.RemoteEndpoint handleCancellation
WARNING: Unmatched cancel notification for request id 821
Jul 09, 2021 6:06:57 AM org.eclipse.lsp4j.jsonrpc.RemoteEndpoint handleCancellation
WARNING: Unmatched cancel notification for request id 835
Jul 09, 2021 6:06:57 AM org.eclipse.lsp4j.jsonrpc.RemoteEndpoint handleCancellation
WARNING: Unmatched cancel notification for request id 833
Jul 09, 2021 6:06:57 AM org.eclipse.lsp4j.jsonrpc.RemoteEndpoint handleCancellation
WARNING: Unmatched cancel notification for request id 837
[0m2021.07.09 06:07:27 INFO  compiling root (1 scala source)[0m
[0m2021.07.09 06:07:27 INFO  time: compiled root in 0.34s[0m
[0m2021.07.09 06:07:37 INFO  compiling root (1 scala source)[0m
[0m2021.07.09 06:07:37 INFO  time: compiled root in 0.54s[0m
[0m2021.07.09 06:07:45 INFO  compiling root (1 scala source)[0m
[0m2021.07.09 06:07:45 INFO  time: compiled root in 0.16s[0m
[0m2021.07.09 06:08:08 INFO  compiling root (1 scala source)[0m
[0m2021.07.09 06:08:08 INFO  time: compiled root in 0.15s[0m
[0m2021.07.09 06:08:10 INFO  compiling root (1 scala source)[0m
[0m2021.07.09 06:08:10 INFO  time: compiled root in 0.17s[0m
[0m2021.07.09 06:08:40 INFO  compiling root (1 scala source)[0m
[0m2021.07.09 06:08:40 INFO  time: compiled root in 0.48s[0m
[0m2021.07.09 06:09:25 INFO  compiling root (1 scala source)[0m
[0m2021.07.09 06:09:25 INFO  time: compiled root in 0.48s[0m
[0m2021.07.09 06:12:34 INFO  compiling root (1 scala source)[0m
[0m2021.07.09 06:12:34 INFO  time: compiled root in 0.56s[0m
[0m2021.07.09 06:12:52 INFO  compiling root (1 scala source)[0m
[0m2021.07.09 06:12:52 INFO  time: compiled root in 0.41s[0m
[0m2021.07.09 06:13:25 INFO  compiling root (1 scala source)[0m
[0m2021.07.09 06:13:25 INFO  time: compiled root in 0.53s[0m
[0m2021.07.09 06:13:59 INFO  compiling root (1 scala source)[0m
[0m2021.07.09 06:13:59 INFO  time: compiled root in 0.35s[0m
[0m2021.07.09 06:14:25 INFO  compiling root (1 scala source)[0m
[0m2021.07.09 06:14:25 INFO  time: compiled root in 0.25s[0m
[0m2021.07.09 06:14:32 INFO  compiling root (1 scala source)[0m
[0m2021.07.09 06:14:32 INFO  time: compiled root in 0.35s[0m
[0m2021.07.09 06:15:41 INFO  compiling root (1 scala source)[0m
[0m2021.07.09 06:15:41 INFO  time: compiled root in 0.11s[0m
[0m2021.07.09 06:16:05 INFO  compiling root (1 scala source)[0m
[0m2021.07.09 06:16:05 INFO  time: compiled root in 99ms[0m
[0m2021.07.09 06:16:33 INFO  compiling root (1 scala source)[0m
[0m2021.07.09 06:16:33 INFO  time: compiled root in 0.23s[0m
[0m2021.07.09 06:17:08 INFO  compiling root (1 scala source)[0m
[0m2021.07.09 06:17:10 INFO  time: compiled root in 1.99s[0m
[0m2021.07.09 06:17:10 INFO  compiling root (1 scala source)[0m
[0m2021.07.09 06:17:12 INFO  time: compiled root in 2.02s[0m
[0m2021.07.09 06:17:41 INFO  compiling root (1 scala source)[0m
[0m2021.07.09 06:17:41 INFO  time: compiled root in 0.33s[0m
[0m2021.07.09 06:25:52 INFO  compiling root (2 scala sources)[0m
[0m2021.07.09 06:25:54 INFO  time: compiled root in 1.81s[0m
[0m2021.07.09 06:30:00 INFO  shutting down Metals[0m
[0m2021.07.09 06:30:00 INFO  Shut down connection with build server.[0m
No more data in the client stdin, exiting...
[0m2021.07.09 06:30:00 INFO  Shut down connection with build server.[0m
No more data in the client stdin, exiting...
[0m2021.07.09 06:30:00 INFO  Shut down connection with build server.[0m
No more data in the client stdin, exiting...
No more data in the server stdin, exiting...
No more data in the server stdin, exiting...
No more data in the server stdin, exiting...
No more data in the server stdin, exiting...
[0m2021.07.09 14:19:19 INFO  Started: Metals version 0.10.4 in workspace '/opt/lampp/htdocs/play/group-assignment' for client Visual Studio Code 1.58.0.[0m
[0m2021.07.09 14:19:24 INFO  time: initialize in 4.92s[0m
[0m2021.07.09 14:19:24 INFO  Attempting to connect to the build server...[0m
[0m2021.07.09 14:19:24 WARN  no build target for: /opt/lampp/htdocs/play/group-assignment/app/controllers/HomeController.scala[0m
Starting the bsp launcher for bloop...
Opening a bsp server connection with 'bsp --protocol local --socket /tmp/bsp-launcher16428586320474818504/bsp.socket'...
Waiting for the bsp connection to come up...
[0m2021.07.09 14:19:24 INFO  skipping build import with status 'Installed'[0m
Waiting for the bsp connection to come up...
Waiting for the bsp connection to come up...
Waiting for the bsp connection to come up...
Waiting for the bsp connection to come up...
Waiting for the bsp connection to come up...
Waiting for the bsp connection to come up...
Waiting for the bsp connection to come up...
Waiting for the bsp connection to come up...
Waiting for the bsp connection to come up...
Waiting for the bsp connection to come up...
[0m2021.07.09 14:19:36 INFO  no build target: using presentation compiler with only scala-library: 2.12.14[0m
Waiting for the bsp connection to come up...
Waiting for the bsp connection to come up...
Waiting for the bsp connection to come up...
Waiting for the bsp connection to come up...
Waiting for the bsp connection to come up...
[0m2021.07.09 14:19:42 INFO  time: code lens generation in 17s[0m
Waiting for the bsp connection to come up...
Waiting for the bsp connection to come up...
Waiting for the bsp connection to come up...
No server running at 127.0.0.1:8212, let's fire one...
Resolving ch.epfl.scala:bloop-frontend_2.12:1.4.8-19-4d9f966b...
Starting bloop server at 127.0.0.1:8212...
Attempting a connection to the server...
Attempting a connection to the server...
Attempting a connection to the server...
Attempting a connection to the server...
Attempting a connection to the server...
Attempting a connection to the server...
Attempting a connection to the server...
Attempting a connection to the server...
Attempting a connection to the server...
Attempting a connection to the server...
Attempting a connection to the server...
Attempting a connection to the server...
Attempting a connection to the server...
Attempting a connection to the server...
Attempting a connection to the server...
Attempting a connection to the server...
Attempting a connection to the server...
Attempting a connection to the server...
Attempting a connection to the server...
Attempting a connection to the server...
Attempting a connection to the server...
Attempting a connection to the server...
Attempting a connection to the server...
Attempting a connection to the server...
Attempting a connection to the server...
[0m[32m[D][0m Loading workspace settings from bloop.settings.json
[0m[32m[D][0m Loading 2 projects from '/opt/lampp/htdocs/play/group-assignment/.bloop'...
[0m[32m[D][0m Loading project from '/opt/lampp/htdocs/play/group-assignment/.bloop/root.json'
[0m[32m[D][0m Loading project from '/opt/lampp/htdocs/play/group-assignment/.bloop/root-test.json'
[0m[32m[D][0m Cache miss for scala instance org.scala-lang:scala-compiler:2.13.6.
[0m[32m[D][0m   => /home/dilshan/.cache/coursier/v1/https/repo1.maven.org/maven2/net/java/dev/jna/jna/5.3.1/jna-5.3.1.jar
[0m[32m[D][0m   => /home/dilshan/.cache/coursier/v1/https/repo1.maven.org/maven2/org/jline/jline/3.19.0/jline-3.19.0.jar
[0m[32m[D][0m   => /home/dilshan/.cache/coursier/v1/https/repo1.maven.org/maven2/org/scala-lang/scala-compiler/2.13.6/scala-compiler-2.13.6.jar
[0m[32m[D][0m   => /home/dilshan/.cache/coursier/v1/https/repo1.maven.org/maven2/org/scala-lang/scala-library/2.13.6/scala-library-2.13.6.jar
[0m[32m[D][0m   => /home/dilshan/.cache/coursier/v1/https/repo1.maven.org/maven2/org/scala-lang/scala-reflect/2.13.6/scala-reflect-2.13.6.jar
[0m[32m[D][0m Configured SemanticDB in projects 'root-test', 'root'
[0m[32m[D][0m Missing analysis file for project 'root-test'
[0m[32m[D][0m Loading previous analysis for 'root' from '/opt/lampp/htdocs/play/group-assignment/target/streams/compile/bloopAnalysisOut/_global/streams/inc_compile_2.13.zip'.
[0m[32m[D][0m Waiting for a connection at local:///tmp/bsp-launcher16428586320474818504/bsp.socket...
The server is listening for incoming connections at local:///tmp/bsp-launcher16428586320474818504/bsp.socket...
Starting thread that pumps stdin and redirects it to the bsp server...
Starting thread that pumps server stdout and redirects it to the client stdout...
[0m2021.07.09 14:19:45 INFO  tracing is disabled for protocol BSP, to enable tracing of incoming and outgoing JSON messages create an empty file at /home/dilshan/.cache/metals/bsp.trace.json[0m
[0m2021.07.09 14:19:45 INFO  Attempting to connect to the build server...[0m
[0m2021.07.09 14:19:45 INFO  Attempting to connect to the build server...[0m
Starting the bsp launcher for bloop...
Opening a bsp server connection with 'bsp --protocol local --socket /tmp/bsp-launcher8900677989262977879/bsp.socket'...
Starting the bsp launcher for bloop...
Opening a bsp server connection with 'bsp --protocol local --socket /tmp/bsp-launcher12120358424007345581/bsp.socket'...
Waiting for the bsp connection to come up...
Waiting for the bsp connection to come up...
[0m[32m[D][0m Loading workspace settings from bloop.settings.json
[0m[32m[D][0m Waiting for a connection at local:///tmp/bsp-launcher12120358424007345581/bsp.socket...
The server is listening for incoming connections at local:///tmp/bsp-launcher12120358424007345581/bsp.socket...
Starting thread that pumps stdin and redirects it to the bsp server...
Starting thread that pumps server stdout and redirects it to the client stdout...
[0m2021.07.09 14:19:46 INFO  tracing is disabled for protocol BSP, to enable tracing of incoming and outgoing JSON messages create an empty file at /home/dilshan/.cache/metals/bsp.trace.json[0m
[0m[32m[D][0m Loading workspace settings from bloop.settings.json
[0m[32m[D][0m Waiting for a connection at local:///tmp/bsp-launcher8900677989262977879/bsp.socket...
The server is listening for incoming connections at local:///tmp/bsp-launcher8900677989262977879/bsp.socket...
Starting thread that pumps stdin and redirects it to the bsp server...
Starting thread that pumps server stdout and redirects it to the client stdout...
[0m2021.07.09 14:19:46 INFO  tracing is disabled for protocol BSP, to enable tracing of incoming and outgoing JSON messages create an empty file at /home/dilshan/.cache/metals/bsp.trace.json[0m
[0m2021.07.09 14:19:46 INFO  time: Connected to build server in 22s[0m
[0m2021.07.09 14:19:46 INFO  Connected to Build server: Bloop v1.4.8-19-4d9f966b[0m
[0m2021.07.09 14:19:46 INFO  time: Imported build in 0.48s[0m
[0m2021.07.09 14:19:51 WARN  Could not find java sources in None. Java symbols will not be available.[0m
[0m2021.07.09 14:19:53 INFO  time: indexed workspace in 6.95s[0m
[0m2021.07.09 14:20:03 INFO  compiling root-test (1 scala source)[0m
[0m2021.07.09 14:20:10 INFO  time: compiled root-test in 6.97s[0m
[0m2021.07.09 14:21:35 INFO  compiling root (1 scala source)[0m
[0m2021.07.09 14:21:35 INFO  /opt/lampp/htdocs/play/group-assignment/app/controllers/HomeController.scala:31:5: stale bloop error: unclosed comment
    /*This is a main home function that passes the data associated within the arrays to the home.scala.html/
    ^[0m
[0m2021.07.09 14:21:35 INFO  /opt/lampp/htdocs/play/group-assignment/app/controllers/HomeController.scala:31:5: stale bloop error: unclosed comment
    /*This is a main home function that passes the data associated within the arrays to the home.scala.html/
    ^[0m
[0m2021.07.09 14:21:35 INFO  /opt/lampp/htdocs/play/group-assignment/app/controllers/HomeController.scala:39:4: stale bloop error: '}' expected but eof found.
  }
   ^[0m
[0m2021.07.09 14:21:35 INFO  time: compiled root in 0.6s[0m
[0m2021.07.09 14:22:05 INFO  /opt/lampp/htdocs/play/group-assignment/app/controllers/HomeController.scala:31:5: stale bloop error: unclosed comment
    /*This is a main home function that passes the data associated within the arrays to the home.scala.html/
    ^[0m
[0m2021.07.09 14:22:05 INFO  /opt/lampp/htdocs/play/group-assignment/app/controllers/HomeController.scala:39:4: stale bloop error: '}' expected but eof found.
  }
   ^[0m
[0m2021.07.09 14:22:06 INFO  /opt/lampp/htdocs/play/group-assignment/app/controllers/HomeController.scala:31:5: stale bloop error: unclosed comment
    /*This is a main home function that passes the data associated within the arrays to the home.scala.html/
    ^[0m
[0m2021.07.09 14:22:06 INFO  /opt/lampp/htdocs/play/group-assignment/app/controllers/HomeController.scala:39:4: stale bloop error: '}' expected but eof found.
  }
   ^[0m
[0m2021.07.09 14:22:05 INFO  /opt/lampp/htdocs/play/group-assignment/app/controllers/HomeController.scala:31:5: stale bloop error: unclosed comment
    /*This is a main home function that passes the data associated within the arrays to the home.scala.html/
    ^[0m
[0m2021.07.09 14:22:05 INFO  /opt/lampp/htdocs/play/group-assignment/app/controllers/HomeController.scala:39:4: stale bloop error: '}' expected but eof found.
  }
   ^[0m
[0m2021.07.09 14:22:06 INFO  /opt/lampp/htdocs/play/group-assignment/app/controllers/HomeController.scala:31:5: stale bloop error: unclosed comment
    /*This is a main home function that passes the data associated within the arrays to the home.scala.html/
    ^[0m
[0m2021.07.09 14:22:06 INFO  /opt/lampp/htdocs/play/group-assignment/app/controllers/HomeController.scala:39:4: stale bloop error: '}' expected but eof found.
  }
   ^[0m
[0m2021.07.09 14:22:08 INFO  compiling root (1 scala source)[0m
[0m2021.07.09 14:22:09 INFO  time: compiled root in 1.25s[0m
[0m2021.07.09 14:22:21 INFO  compiling root (1 scala source)[0m
[0m2021.07.09 14:22:21 INFO  time: compiled root in 0.96s[0m
[0m2021.07.09 14:22:35 INFO  /opt/lampp/htdocs/play/group-assignment/app/controllers/HomeController.scala:33:10: stale bloop error: not enough arguments for method apply: (id1: Int, id2: Int, id3: Int, id4: Int, first1: String, first2: String, first3: String, first4: String, last1: String, last2: String, last3: String, last4: String): play.twirl.api.HtmlFormat.Appendable in object index.
Unspecified value parameters last1, last2, last3...
> views.html.index(
>         indexNoArray(0),indexNoArray(1),indexNoArray(2),indexNoArray(3),
>         nameArray(0),nameArray(1),nameArray(2),nameArray(3)
>       )[0m
[0m2021.07.09 14:22:35 INFO  /opt/lampp/htdocs/play/group-assignment/app/controllers/HomeController.scala:33:10: stale bloop error: not enough arguments for method apply: (id1: Int, id2: Int, id3: Int, id4: Int, first1: String, first2: String, first3: String, first4: String, last1: String, last2: String, last3: String, last4: String): play.twirl.api.HtmlFormat.Appendable in object index.
Unspecified value parameters last1, last2, last3...
> views.html.index(
>         indexNoArray(0),indexNoArray(1),indexNoArray(2),indexNoArray(3),
>         nameArray(0),nameArray(1),nameArray(2),nameArray(3)
>       )[0m
Jul 09, 2021 2:24:20 PM org.eclipse.lsp4j.jsonrpc.RemoteEndpoint handleCancellation
WARNING: Unmatched cancel notification for request id 224
[0m2021.07.09 14:25:05 INFO  compiling root (1 scala source)[0m
[0m2021.07.09 14:25:05 INFO  time: compiled root in 0.76s[0m
[0m2021.07.09 14:26:07 INFO  compiling root (1 scala source)[0m
[0m2021.07.09 14:26:07 INFO  time: compiled root in 0.64s[0m
[0m2021.07.09 14:27:55 INFO  compiling root (1 scala source)[0m
[0m2021.07.09 14:27:55 INFO  time: compiled root in 0.47s[0m
[0m2021.07.09 14:30:51 INFO  compiling root (1 scala source)[0m
[0m2021.07.09 14:30:51 INFO  time: compiled root in 0.55s[0m
[0m2021.07.09 14:30:51 INFO  compiling root (2 scala sources)[0m
[0m2021.07.09 14:30:52 INFO  time: compiled root in 0.66s[0m
Jul 09, 2021 2:31:44 PM org.eclipse.lsp4j.jsonrpc.services.GenericEndpoint notify
INFO: Unsupported notification method: $/setTrace
Jul 09, 2021 2:32:08 PM org.eclipse.lsp4j.jsonrpc.services.GenericEndpoint notify
INFO: Unsupported notification method: $/setTrace
Jul 09, 2021 2:32:08 PM org.eclipse.lsp4j.jsonrpc.services.GenericEndpoint notify
INFO: Unsupported notification method: $/setTrace
[0m2021.07.09 14:38:43 INFO  compiling root (2 scala sources)[0m
[0m2021.07.09 14:38:48 INFO  time: compiled root in 4.57s[0m
[0m2021.07.09 14:38:48 INFO  compiling root (1 scala source)[0m
[0m2021.07.09 14:38:48 INFO  time: compiled root in 0.34s[0m
[0m2021.07.09 14:39:48 INFO  compiling root (2 scala sources)[0m
[0m2021.07.09 14:39:49 INFO  time: compiled root in 1.69s[0m
[0m2021.07.09 14:39:49 INFO  compiling root (1 scala source)[0m
[0m2021.07.09 14:39:49 INFO  time: compiled root in 0.25s[0m
Jul 09, 2021 2:40:01 PM org.eclipse.lsp4j.jsonrpc.RemoteEndpoint handleCancellation
WARNING: Unmatched cancel notification for request id 587
[0m2021.07.09 14:41:06 INFO  compiling root (2 scala sources)[0m
[0m2021.07.09 14:41:10 INFO  time: compiled root in 3.58s[0m
[0m2021.07.09 14:42:27 INFO  compiling root (1 scala source)[0m
[0m2021.07.09 14:42:28 INFO  time: compiled root in 1.01s[0m
[0m2021.07.09 14:50:50 INFO  compiling root (1 scala source)[0m
[0m2021.07.09 14:50:50 INFO  time: compiled root in 0.34s[0m
[0m2021.07.09 14:51:24 INFO  compiling root (1 scala source)[0m
[0m2021.07.09 14:51:24 INFO  time: compiled root in 0.28s[0m
Jul 09, 2021 2:52:52 PM org.eclipse.lsp4j.jsonrpc.RemoteEndpoint handleCancellation
WARNING: Unmatched cancel notification for request id 1031
[0m2021.07.09 14:52:52 INFO  compiling root (1 scala source)[0m
[0m2021.07.09 14:52:52 INFO  time: compiled root in 0.22s[0m
[0m2021.07.09 14:58:44 INFO  compiling root (2 scala sources)[0m
[0m2021.07.09 14:58:46 INFO  time: compiled root in 1.53s[0m
[0m2021.07.09 15:01:47 INFO  compiling root (1 scala source)[0m
[0m2021.07.09 15:01:49 INFO  time: compiled root in 1.19s[0m
[0m2021.07.09 15:02:50 INFO  compiling root (1 scala source)[0m
[0m2021.07.09 15:02:51 INFO  time: compiled root in 1.23s[0m
[0m2021.07.09 15:04:06 INFO  shutting down Metals[0m
No more data in the client stdin, exiting...
No more data in the client stdin, exiting...
No more data in the client stdin, exiting...
Jul 09, 2021 3:04:06 PM org.eclipse.lsp4j.jsonrpc.RemoteEndpoint notify
INFO: Failed to send notification message.
org.eclipse.lsp4j.jsonrpc.JsonRpcException: java.nio.channels.AsynchronousCloseException
	at org.eclipse.lsp4j.jsonrpc.json.StreamMessageConsumer.consume(StreamMessageConsumer.java:72)
	at org.eclipse.lsp4j.jsonrpc.RemoteEndpoint.notify(RemoteEndpoint.java:126)
	at org.eclipse.lsp4j.jsonrpc.services.EndpointProxy.invoke(EndpointProxy.java:88)
	at com.sun.proxy.$Proxy11.onBuildExit(Unknown Source)
	at scala.meta.internal.metals.BuildServerConnection.$anonfun$shutdown$1(BuildServerConnection.scala:89)
	at scala.meta.internal.metals.BuildServerConnection.$anonfun$shutdown$1$adapted(BuildServerConnection.scala:85)
	at scala.util.Success.$anonfun$map$1(Try.scala:255)
	at scala.util.Success.map(Try.scala:213)
	at scala.concurrent.Future.$anonfun$map$1(Future.scala:292)
	at scala.concurrent.impl.Promise.liftedTree1$1(Promise.scala:33)
	at scala.concurrent.impl.Promise.$anonfun$transform$1(Promise.scala:33)
	at scala.concurrent.impl.CallbackRunnable.run(Promise.scala:64)
	at java.base/java.util.concurrent.ThreadPoolExecutor.runWorker(ThreadPoolExecutor.java:1128)
	at java.base/java.util.concurrent.ThreadPoolExecutor$Worker.run(ThreadPoolExecutor.java:628)
	at java.base/java.lang.Thread.run(Thread.java:829)
Caused by: java.nio.channels.AsynchronousCloseException
	at java.base/java.nio.channels.spi.AbstractInterruptibleChannel.end(AbstractInterruptibleChannel.java:202)
	at java.base/sun.nio.ch.SinkChannelImpl.endWrite(SinkChannelImpl.java:241)
	at java.base/sun.nio.ch.SinkChannelImpl.write(SinkChannelImpl.java:259)
	at java.base/java.nio.channels.Channels.writeFullyImpl(Channels.java:74)
	at java.base/java.nio.channels.Channels.writeFully(Channels.java:94)
	at java.base/java.nio.channels.Channels$1.write(Channels.java:172)
	at java.base/java.io.OutputStream.write(OutputStream.java:122)
	at java.base/java.nio.channels.Channels$1.write(Channels.java:152)
	at scala.meta.internal.metals.ClosableOutputStream.write(ClosableOutputStream.scala:26)
	at java.base/java.io.FilterOutputStream.write(FilterOutputStream.java:137)
	at java.base/java.io.FilterOutputStream.write(FilterOutputStream.java:108)
	at org.eclipse.lsp4j.jsonrpc.json.StreamMessageConsumer.consume(StreamMessageConsumer.java:67)
	... 14 more

[0m2021.07.09 15:04:06 INFO  Shut down connection with build server.[0m
Jul 09, 2021 3:04:06 PM org.eclipse.lsp4j.jsonrpc.RemoteEndpoint notify
INFO: Failed to send notification message.
org.eclipse.lsp4j.jsonrpc.JsonRpcException: java.nio.channels.AsynchronousCloseException
	at org.eclipse.lsp4j.jsonrpc.json.StreamMessageConsumer.consume(StreamMessageConsumer.java:72)
	at org.eclipse.lsp4j.jsonrpc.RemoteEndpoint.notify(RemoteEndpoint.java:126)
	at org.eclipse.lsp4j.jsonrpc.services.EndpointProxy.invoke(EndpointProxy.java:88)
	at com.sun.proxy.$Proxy11.onBuildExit(Unknown Source)
	at scala.meta.internal.metals.BuildServerConnection.$anonfun$shutdown$1(BuildServerConnection.scala:89)
	at scala.meta.internal.metals.BuildServerConnection.$anonfun$shutdown$1$adapted(BuildServerConnection.scala:85)
	at scala.util.Success.$anonfun$map$1(Try.scala:255)
	at scala.util.Success.map(Try.scala:213)
	at scala.concurrent.Future.$anonfun$map$1(Future.scala:292)
	at scala.concurrent.impl.Promise.liftedTree1$1(Promise.scala:33)
	at scala.concurrent.impl.Promise.$anonfun$transform$1(Promise.scala:33)
	at scala.concurrent.impl.CallbackRunnable.run(Promise.scala:64)
	at java.base/java.util.concurrent.ThreadPoolExecutor.runWorker(ThreadPoolExecutor.java:1128)
	at java.base/java.util.concurrent.ThreadPoolExecutor$Worker.run(ThreadPoolExecutor.java:628)
	at java.base/java.lang.Thread.run(Thread.java:829)
Caused by: java.nio.channels.AsynchronousCloseException
	at java.base/java.nio.channels.spi.AbstractInterruptibleChannel.end(AbstractInterruptibleChannel.java:202)
	at java.base/sun.nio.ch.SinkChannelImpl.endWrite(SinkChannelImpl.java:241)
	at java.base/sun.nio.ch.SinkChannelImpl.write(SinkChannelImpl.java:259)
	at java.base/java.nio.channels.Channels.writeFullyImpl(Channels.java:74)
	at java.base/java.nio.channels.Channels.writeFully(Channels.java:94)
	at java.base/java.nio.channels.Channels$1.write(Channels.java:172)
	at java.base/java.io.OutputStream.write(OutputStream.java:122)
	at java.base/java.nio.channels.Channels$1.write(Channels.java:152)
	at scala.meta.internal.metals.ClosableOutputStream.write(ClosableOutputStream.scala:26)
	at java.base/java.io.FilterOutputStream.write(FilterOutputStream.java:137)
	at java.base/java.io.FilterOutputStream.write(FilterOutputStream.java:108)
	at org.eclipse.lsp4j.jsonrpc.json.StreamMessageConsumer.consume(StreamMessageConsumer.java:67)
	... 14 more

[0m2021.07.09 15:04:06 INFO  Shut down connection with build server.[0m
No more data in the server stdin, exiting...
[0m2021.07.09 15:04:08 ERROR timeout: build server 'bloop' during shutdown[0m
java.util.concurrent.RejectedExecutionException: Task scala.concurrent.impl.CallbackRunnable@3b72dca4 rejected from java.util.concurrent.ThreadPoolExecutor@7e7045ae[Shutting down, pool size = 3, active threads = 3, queued tasks = 0, completed tasks = 7476]
	at java.base/java.util.concurrent.ThreadPoolExecutor$AbortPolicy.rejectedExecution(ThreadPoolExecutor.java:2055)
	at java.base/java.util.concurrent.ThreadPoolExecutor.reject(ThreadPoolExecutor.java:825)
	at java.base/java.util.concurrent.ThreadPoolExecutor.execute(ThreadPoolExecutor.java:1355)
	at scala.concurrent.impl.ExecutionContextImpl$$anon$4.execute(ExecutionContextImpl.scala:138)
	at scala.concurrent.impl.CallbackRunnable.executeWithValue(Promise.scala:72)
	at scala.concurrent.impl.Promise$DefaultPromise.$anonfun$tryComplete$1(Promise.scala:288)
	at scala.concurrent.impl.Promise$DefaultPromise.$anonfun$tryComplete$1$adapted(Promise.scala:288)
	at scala.concurrent.impl.Promise$DefaultPromise.tryComplete(Promise.scala:288)
	at scala.concurrent.Promise.complete(Promise.scala:53)
	at scala.concurrent.Promise.complete$(Promise.scala:52)
	at scala.concurrent.impl.Promise$DefaultPromise.complete(Promise.scala:187)
	at scala.concurrent.impl.Promise.$anonfun$transform$1(Promise.scala:33)
	at scala.concurrent.impl.CallbackRunnable.run(Promise.scala:64)
	at java.base/java.util.concurrent.ThreadPoolExecutor.runWorker(ThreadPoolExecutor.java:1128)
	at java.base/java.util.concurrent.ThreadPoolExecutor$Worker.run(ThreadPoolExecutor.java:628)
	at java.base/java.lang.Thread.run(Thread.java:829)
[0m2021.07.10 19:09:47 INFO  Started: Metals version 0.10.4 in workspace '/opt/lampp/htdocs/play/group-assignment' for client Visual Studio Code 1.58.0.[0m
[0m2021.07.10 19:09:55 INFO  time: initialize in 7.74s[0m
[0m2021.07.10 19:09:55 INFO  Attempting to connect to the build server...[0m
Starting the bsp launcher for bloop...
Opening a bsp server connection with 'bsp --protocol local --socket /tmp/bsp-launcher13098008088976245834/bsp.socket'...
[0m2021.07.10 19:09:55 WARN  no build target for: /opt/lampp/htdocs/play/group-assignment/app/controllers/HomeController.scala[0m
Waiting for the bsp connection to come up...
[0m2021.07.10 19:09:56 INFO  skipping build import with status 'Installed'[0m
Waiting for the bsp connection to come up...
Waiting for the bsp connection to come up...
Waiting for the bsp connection to come up...
Waiting for the bsp connection to come up...
Waiting for the bsp connection to come up...
Waiting for the bsp connection to come up...
Waiting for the bsp connection to come up...
Waiting for the bsp connection to come up...
[0m2021.07.10 19:10:04 INFO  no build target: using presentation compiler with only scala-library: 2.12.14[0m
Jul 10, 2021 7:10:04 PM org.eclipse.lsp4j.jsonrpc.RemoteEndpoint handleCancellation
WARNING: Unmatched cancel notification for request id 1
Waiting for the bsp connection to come up...
Waiting for the bsp connection to come up...
Waiting for the bsp connection to come up...
Waiting for the bsp connection to come up...
Waiting for the bsp connection to come up...
Waiting for the bsp connection to come up...
Waiting for the bsp connection to come up...
[0m2021.07.10 19:10:12 WARN  no build target for: /opt/lampp/htdocs/play/group-assignment/app/controllers/HomeController.scala[0m
No server running at 127.0.0.1:8212, let's fire one...
Resolving ch.epfl.scala:bloop-frontend_2.12:1.4.8-19-4d9f966b...
Starting bloop server at 127.0.0.1:8212...
Attempting a connection to the server...
Attempting a connection to the server...
Attempting a connection to the server...
Attempting a connection to the server...
Attempting a connection to the server...
Attempting a connection to the server...
Attempting a connection to the server...
Attempting a connection to the server...
Attempting a connection to the server...
Attempting a connection to the server...
Attempting a connection to the server...
Attempting a connection to the server...
Attempting a connection to the server...
Attempting a connection to the server...
Attempting a connection to the server...
Attempting a connection to the server...
Attempting a connection to the server...
Attempting a connection to the server...
Attempting a connection to the server...
[0m[32m[D][0m Loading workspace settings from bloop.settings.json
[0m[32m[D][0m Loading 2 projects from '/opt/lampp/htdocs/play/group-assignment/.bloop'...
[0m[32m[D][0m Loading project from '/opt/lampp/htdocs/play/group-assignment/.bloop/root-test.json'
[0m[32m[D][0m Loading project from '/opt/lampp/htdocs/play/group-assignment/.bloop/root.json'
[0m[32m[D][0m Cache miss for scala instance org.scala-lang:scala-compiler:2.13.6.
[0m[32m[D][0m   => /home/dilshan/.cache/coursier/v1/https/repo1.maven.org/maven2/net/java/dev/jna/jna/5.3.1/jna-5.3.1.jar
[0m[32m[D][0m   => /home/dilshan/.cache/coursier/v1/https/repo1.maven.org/maven2/org/jline/jline/3.19.0/jline-3.19.0.jar
[0m[32m[D][0m   => /home/dilshan/.cache/coursier/v1/https/repo1.maven.org/maven2/org/scala-lang/scala-compiler/2.13.6/scala-compiler-2.13.6.jar
[0m[32m[D][0m   => /home/dilshan/.cache/coursier/v1/https/repo1.maven.org/maven2/org/scala-lang/scala-library/2.13.6/scala-library-2.13.6.jar
[0m[32m[D][0m   => /home/dilshan/.cache/coursier/v1/https/repo1.maven.org/maven2/org/scala-lang/scala-reflect/2.13.6/scala-reflect-2.13.6.jar
[0m[32m[D][0m Configured SemanticDB in projects 'root-test', 'root'
[0m[32m[D][0m Missing analysis file for project 'root-test'
[0m[32m[D][0m Loading previous analysis for 'root' from '/opt/lampp/htdocs/play/group-assignment/target/streams/compile/bloopAnalysisOut/_global/streams/inc_compile_2.13.zip'.
[0m[32m[D][0m Waiting for a connection at local:///tmp/bsp-launcher13098008088976245834/bsp.socket...
The server is listening for incoming connections at local:///tmp/bsp-launcher13098008088976245834/bsp.socket...
Starting thread that pumps stdin and redirects it to the bsp server...
Starting thread that pumps server stdout and redirects it to the client stdout...
[0m2021.07.10 19:10:12 INFO  tracing is disabled for protocol BSP, to enable tracing of incoming and outgoing JSON messages create an empty file at /home/dilshan/.cache/metals/bsp.trace.json[0m
[0m2021.07.10 19:10:14 INFO  Attempting to connect to the build server...[0m
[0m2021.07.10 19:10:14 Starting the bsp launcher for bloop...
Opening a bsp server connection with 'bsp --protocol local --socket /tmp/bsp-launcher105921845050692182/bsp.socket'...
Waiting for the bsp connection to come up...
INFO  Attempting to connect to the build server...[0m
Starting the bsp launcher for bloop...
Opening a bsp server connection with 'bsp --protocol local --socket /tmp/bsp-launcher17070914867937231372/bsp.socket'...
[0m2021.07.10 19:10:14 INFO  time: code lens generation in 2.9s[0m
Waiting for the bsp connection to come up...
[0m[32m[D][0m Loading workspace settings from bloop.settings.json
[0m[32m[D][0m Waiting for a connection at local:///tmp/bsp-launcher17070914867937231372/bsp.socket...
The server is listening for incoming connections at local:///tmp/bsp-launcher17070914867937231372/bsp.socket...
Starting thread that pumps stdin and redirects it to the bsp server...
Starting thread that pumps server stdout and redirects it to the client stdout...
[0m2021.07.10 19:10:14 INFO [0m[32m[D][0m Loading workspace settings from bloop.settings.json
[0m[32m[D][0m Waiting for a connection at local:///tmp/bsp-launcher105921845050692182/bsp.socket...
The server is listening for incoming connections at local:///tmp/bsp-launcher105921845050692182/bsp.socket...
Starting thread that pumps stdin and redirects it to the bsp server...
 tracing is disabled for protocol BSP, to enable tracing of incoming and outgoing JSON messages create an empty file at /home/dilshan/.cache/metals/bsp.trace.json[0m
Starting thread that pumps server stdout and redirects it to the client stdout...
[0m2021.07.10 19:10:14 INFO  tracing is disabled for protocol BSP, to enable tracing of incoming and outgoing JSON messages create an empty file at /home/dilshan/.cache/metals/bsp.trace.json[0m
[0m2021.07.10 19:10:14 INFO  time: code lens generation in 9.52s[0m
[0m2021.07.10 19:10:14 INFO  time: code lens generation in 9.68s[0m
[0m2021.07.10 19:10:14 INFO  time: Connected to build server in 19s[0m
[0m2021.07.10 19:10:14 INFO  Connected to Build server: Bloop v1.4.8-19-4d9f966b[0m
[0m2021.07.10 19:10:14 INFO  time: code lens generation in 9.98s[0m
[0m2021.07.10 19:10:15 INFO  time: Imported build in 0.95s[0m
[0m2021.07.10 19:10:17 INFO  no build target: using presentation compiler with only scala-library: 2.12.14[0m
[0m2021.07.10 19:10:17 INFO  time: code lens generation in 21s[0m
[0m2021.07.10 19:10:22 WARN  Could not find java sources in None. Java symbols will not be available.[0m
[0m2021.07.10 19:10:23 INFO  time: indexed workspace in 8.32s[0m
[0m2021.07.10 19:10:27 INFO  compiling root (1 scala source)[0m
[0m2021.07.10 19:10:33 INFO  time: compiled root in 6.09s[0m
[0m2021.07.10 19:17:03 INFO  compiling root (1 scala source)[0m
[0m2021.07.10 19:17:05 INFO  time: compiled root in 1.39s[0m
[0m2021.07.10 19:17:05 INFO  compiling root (2 scala sources)[0m
[0m2021.07.10 19:17:06 INFO  time: compiled root in 1.22s[0m
[0m2021.07.10 19:17:49 INFO  compiling root (2 scala sources)[0m
Jul 10, 2021 7:17:50 PM org.eclipse.lsp4j.jsonrpc.RemoteEndpoint handleCancellation
WARNING: Unmatched cancel notification for request id 110
[0m2021.07.10 19:17:50 INFO  time: compiled root in 1.05s[0m
[0m2021.07.10 19:18:27 INFO  compiling root (2 scala sources)[0m
[0m2021.07.10 19:18:32 INFO  time: compiled root in 5.2s[0m
Jul 10, 2021 7:20:23 PM org.eclipse.lsp4j.jsonrpc.RemoteEndpoint handleCancellation
WARNING: Unmatched cancel notification for request id 123
[0m2021.07.10 19:20:24 INFO  compiling root-test (1 scala source)[0m
[0m2021.07.10 19:20:24 INFO  time: compiled root-test in 0.54s[0m
[0m2021.07.10 19:20:42 INFO  compiling root-test (1 scala source)[0m
[0m2021.07.10 19:20:42 INFO  time: compiled root-test in 0.49s[0m
Jul 10, 2021 7:22:39 PM org.eclipse.lsp4j.jsonrpc.RemoteEndpoint handleCancellation
WARNING: Unmatched cancel notification for request id 138
[0m2021.07.10 19:23:09 INFO  time: code lens generation in 4.18s[0m
[0m2021.07.10 19:23:09 INFO  time: code lens generation in 3.92s[0m
Jul 10, 2021 7:23:09 PM org.eclipse.lsp4j.jsonrpc.RemoteEndpoint handleCancellation
WARNING: Unmatched cancel notification for request id 152
[0m2021.07.10 19:24:10 INFO  compiling root (1 scala source)[0m
[0m2021.07.10 19:24:11 INFO  time: compiled root in 1.44s[0m
Jul 10, 2021 7:24:16 PM org.eclipse.lsp4j.jsonrpc.RemoteEndpoint handleCancellation
WARNING: Unmatched cancel notification for request id 174
